0000: 040205002D           -- 5 0 acceleration
0005: 040208002C           -- 8 0 speed
000A: 040205012D           -- 5 1 acceleration
000F: 040208012C           -- 8 1 speed
0014:                      -- ### Sequence subroutines: ###
0014:                      -- ### Sequence subroutines: ###
0014:                      -- 
0014:                      -- # Sequence 0
0014:                      -- sub Sequence_0
0014: 031A8813C007C0070000000000000000000000000000000000000000 --   5000 1984 1984 0 0 0 0 
0030: 82                   --   0 0 0 0 0 0 frame_0..11 # Frame 0
0031: 03068813E00AE00A83   --   5000 2784 2784 frame_0_1 # Frame 1
003A: 03068813000E000E83   --   5000 3584 3584 frame_0_1 # Frame 2
0043: 030688132011201183   --   5000 4384 4384 frame_0_1 # Frame 3
004C: 030688134014401483   --   5000 5184 5184 frame_0_1 # Frame 4
0055: 030688136017601783   --   5000 5984 5984 frame_0_1 # Frame 5
005E: 03068813801A801A83   --   5000 6784 6784 frame_0_1 # Frame 6
0067: 03068813A01DA01D83   --   5000 7584 7584 frame_0_1 # Frame 7
0070: 03068813C020C02083   --   5000 8384 8384 frame_0_1 # Frame 8
0079: 03068813C023C02383   --   5000 9152 9152 frame_0_1 # Frame 9
0082: 03061027C007C00783   --   10000 1984 1984 frame_0_1 # Frame 10
008B: 05                   --   return
008C:                      -- # Sequence 1
008C:                      -- sub Sequence_1
008C: 031A983AC023C0230000000000000000000000000000000000000000 --   15000 9152 9152 0 0 0 0 
00A8: 82                   --   0 0 0 0 0 0 frame_0..11 # Frame 0
00A9: 0306983AC007C00783   --   15000 1984 1984 frame_0_1 # Frame 1
00B2: 05                   --   return
00B3:                      -- 
00B3:                      -- sub frame_0..11
00B3: 020B2A               --   11 servo
00B6: 020A2A               --   10 servo
00B9: 02092A               --   9 servo
00BC: 02082A               --   8 servo
00BF: 02072A               --   7 servo
00C2: 02062A               --   6 servo
00C5: 02052A               --   5 servo
00C8: 02042A               --   4 servo
00CB: 02032A               --   3 servo
00CE: 02022A               --   2 servo
00D1: 02012A               --   1 servo
00D4: 02002A               --   0 servo
00D7: 08                   --   delay
00D8: 05                   --   return
00D9:                      -- 
00D9:                      -- sub frame_0_1
00D9: 02012A               --   1 servo
00DC: 02002A               --   0 servo
00DF: 08                   --   delay
00E0: 05                   --   return

Subroutines:
Hex Decimal Address Name
00  000     0014    SEQUENCE_0
01  001     008C    SEQUENCE_1
02  002     00B3    FRAME_0..11
03  003     00D9    FRAME_0_1
